Start testing: Aug 23 19:22 PDT
----------------------------------------------------------
1/3 Testing: qa_encoder
1/3 Test: qa_encoder
Command: "/bin/sh" "/home/barbeau/gr-quantomm/build/python/qa_encoder_test.sh"
Directory: /home/barbeau/gr-quantomm/build/python
"qa_encoder" start time: Aug 23 19:22 PDT
Output:
----------------------------------------------------------
--- encoder - test_001_t

encoder:bases: [0 1 1 0 1 0 0 1] angles: [ 45 135   0 135   0  90 135  45]
encoder:feedback: 0
encoder:feedback: 0
encoder:feedback: 0
encoder:feedback: 0
encoder:bases: [1 1] angles: [ 45 135]
encoder:feedback: 0
encoder:feedback: 0
encoder:feedback: 1
encoder:data: 0
encoder:feedback: 1
encoder:data: 1
encoder:feedback: 1
encoder:data: 0
decoder:data: 0
decoder:data: 1
decoder:data: 0
--- encoder - test_001_t

encoder:bases: [0 0 0 1 1 1 0 0] angles: [ 90   0  45 135  45   0  90   0]
encoder:feedback: 0
encoder:feedback: 0
encoder:feedback: 0
encoder:feedback: 1
encoder:data: 1
encoder:feedback: 0
encoder:feedback: 0
decoder:data: 1
encoder:bases: [0 0] angles: [0 0]
encoder:feedback: 0
encoder:feedback: 0
encoder:feedback: 1
encoder:data: 0
encoder:feedback: 1
encoder:data: 0
encoder:feedback: 0
decoder:data: 0
decoder:data: 0
.
----------------------------------------------------------------------
Ran 1 test in 0.006s

OK
<end of output>
Test time =   0.21 sec
----------------------------------------------------------
Test Passed.
"qa_encoder" end time: Aug 23 19:22 PDT
"qa_encoder" time elapsed: 00:00:00
----------------------------------------------------------

End testing: Aug 23 19:22 PDT
